<?xml version="1.0" encoding="UTF-8"?>
<testng-results skipped="0" failed="7" ignored="0" total="10" passed="3">
  <reporter-output>
  </reporter-output>
  <suite name="Failed suite [Smoke TestSuite]" duration-ms="851546" started-at="2022-05-23T10:15:32 IST" finished-at="2022-05-23T10:29:43 IST">
    <groups>
    </groups>
    <test name="Smoke(failed)" duration-ms="851546" started-at="2022-05-23T10:15:32 IST" finished-at="2022-05-23T10:29:43 IST">
      <class name="com.nitara.CattleManagement.RegisterMilkingorDryCattle">
        <test-method status="PASS" signature="initialize()[pri:0, instance:com.nitara.CattleManagement.RegisterMilkingorDryCattle@1070868]" name="initialize" is-config="true" duration-ms="12095" started-at="2022-05-23T10:18:35 IST" finished-at="2022-05-23T10:18:47 IST">
          <reporter-output>
          </reporter-output>
        </test-method> <!-- initialize -->
        <test-method status="FAIL" signature="RegisterCattle_MilkingorDryCattle(java.util.Map)[pri:0, instance:com.nitara.CattleManagement.RegisterMilkingorDryCattle@1070868]" name="RegisterCattle_MilkingorDryCattle" duration-ms="106091" started-at="2022-05-23T10:18:47 IST" data-provider="getData" finished-at="2022-05-23T10:20:34 IST">
          <params>
            <param index="0">
              <value>
                <![CDATA[{cattleType=Buffalo, inseminationDate=23 Aug 2020, calf2Gender=Female, inseminationType=Artificial, isCattleDry=true, calfCount=Twins, pregnantSince=2, currentLactation=1, calf1Gender=Male, testcase=RegisterCattle_MilkingorDryCattle, breed=Gojri, lastCalvingDate=25 Jun 2020, dryPeriodDate=27 Oct 2020, isCrossBreed=false , isCattlePregnant=false, bullId=3450, isCattleInseminated=false, semenBrand=Amul}]]>
              </value>
            </param>
          </params>
          <exception class="org.openqa.selenium.TimeoutException">
            <message>
              <![CDATA[Expected condition failed: waiting for visibility of Located by By.chained({By.id: select_cattle_tv}) (tried for 15 second(s) with 500 milliseconds interval)]]>
            </message>
            <full-stacktrace>
              <![CDATA[org.openqa.selenium.TimeoutException: Expected condition failed: waiting for visibility of Located by By.chained({By.id: select_cattle_tv}) (tried for 15 second(s) with 500 milliseconds interval)
at org.openqa.selenium.support.ui.WebDriverWait.timeoutException(WebDriverWait.java:95)
at org.openqa.selenium.support.ui.FluentWait.until(FluentWait.java:272)
at com.nitara.PageObjects.BasePage.waitVisibility(BasePage.java:228)
at com.nitara.PageObjects.RegisterCattle_MilkingCattlePage.assert_CattleType(RegisterCattle_MilkingCattlePage.java:132)
at com.nitara.CattleManagement.RegisterMilkingorDryCattle.RegisterCattle_MilkingorDryCattle(RegisterMilkingorDryCattle.java:24)
at sun.reflect.NativeMethodAccessorImpl.invoke0(Native Method)
at sun.reflect.NativeMethodAccessorImpl.invoke(NativeMethodAccessorImpl.java:62)
at sun.reflect.DelegatingMethodAccessorImpl.invoke(DelegatingMethodAccessorImpl.java:43)
at java.lang.reflect.Method.invoke(Method.java:498)
at org.testng.internal.MethodInvocationHelper.invokeMethod(MethodInvocationHelper.java:133)
at org.testng.internal.TestInvoker.invokeMethod(TestInvoker.java:598)
at org.testng.internal.TestInvoker.invokeTestMethod(TestInvoker.java:173)
at org.testng.internal.MethodRunner.runInSequence(MethodRunner.java:46)
at org.testng.internal.TestInvoker$MethodInvocationAgent.invoke(TestInvoker.java:824)
at org.testng.internal.TestInvoker.invokeTestMethods(TestInvoker.java:146)
at org.testng.internal.TestMethodWorker.invokeTestMethods(TestMethodWorker.java:146)
at org.testng.internal.TestMethodWorker.run(TestMethodWorker.java:128)
at java.util.ArrayList.forEach(ArrayList.java:1259)
at org.testng.TestRunner.privateRun(TestRunner.java:794)
at org.testng.TestRunner.run(TestRunner.java:596)
at org.testng.SuiteRunner.runTest(SuiteRunner.java:377)
at org.testng.SuiteRunner.runSequentially(SuiteRunner.java:371)
at org.testng.SuiteRunner.privateRun(SuiteRunner.java:332)
at org.testng.SuiteRunner.run(SuiteRunner.java:276)
at org.testng.SuiteRunnerWorker.runSuite(SuiteRunnerWorker.java:53)
at org.testng.SuiteRunnerWorker.run(SuiteRunnerWorker.java:96)
at org.testng.TestNG.runSuitesSequentially(TestNG.java:1212)
at org.testng.TestNG.runSuitesLocally(TestNG.java:1134)
at org.testng.TestNG.runSuites(TestNG.java:1063)
at org.testng.TestNG.run(TestNG.java:1031)
at org.testng.remote.AbstractRemoteTestNG.run(AbstractRemoteTestNG.java:115)
at org.testng.remote.RemoteTestNG.initAndRun(RemoteTestNG.java:251)
at org.testng.remote.RemoteTestNG.main(RemoteTestNG.java:77)
Caused by: org.openqa.selenium.NoSuchElementException: Can't locate an element by this strategy: By.chained({By.id: select_cattle_tv})
at io.appium.java_client.pagefactory.AppiumElementLocator.findElement(AppiumElementLocator.java:126)
at io.appium.java_client.pagefactory.interceptors.InterceptorOfASingleElement.intercept(InterceptorOfASingleElement.java:59)
at io.appium.java_client.android.AndroidElement$$EnhancerByCGLIB$$b598166c.isDisplayed(<generated>)
at org.openqa.selenium.support.ui.ExpectedConditions.elementIfVisible(ExpectedConditions.java:314)
at org.openqa.selenium.support.ui.ExpectedConditions.access$000(ExpectedConditions.java:43)
at org.openqa.selenium.support.ui.ExpectedConditions$10.apply(ExpectedConditions.java:300)
at org.openqa.selenium.support.ui.ExpectedConditions$10.apply(ExpectedConditions.java:297)
at org.openqa.selenium.support.ui.FluentWait.until(FluentWait.java:249)
... 31 more
Caused by: org.openqa.selenium.TimeoutException: Expected condition failed: waiting for io.appium.java_client.pagefactory.AppiumElementLocator$WaitingFunction@1dcf1b6 (tried for 1 second(s) with 500 milliseconds interval)
at org.openqa.selenium.support.ui.FluentWait.timeoutException(FluentWait.java:304)
at org.openqa.selenium.support.ui.FluentWait.until(FluentWait.java:272)
at io.appium.java_client.pagefactory.AppiumElementLocator.waitFor(AppiumElementLocator.java:99)
at io.appium.java_client.pagefactory.AppiumElementLocator.findElement(AppiumElementLocator.java:119)
... 38 more
Caused by: org.openqa.selenium.NoSuchElementException: Cannot locate an element using By.chained({By.id: select_cattle_tv})
For documentation on this error, please visit: https://www.seleniumhq.org/exceptions/no_such_element.html
Build info: version: '3.141.59', revision: 'e82be7d358', time: '2018-11-14T08:17:03'
System info: host: 'DESKTOP-OB1OE1J', ip: '192.168.72.17', os.name: 'Windows 10', os.arch: 'x86', os.version: '10.0', java.version: '1.8.0_291'
Driver info: driver.version: AndroidDriver
at io.appium.java_client.pagefactory.bys.builder.ByChained.findElement(ByChained.java:74)
at org.openqa.selenium.remote.RemoteWebDriver.findElement(RemoteWebDriver.java:315)
at io.appium.java_client.DefaultGenericMobileDriver.findElement(DefaultGenericMobileDriver.java:57)
at io.appium.java_client.AppiumDriver.findElement(AppiumDriver.java:1)
at io.appium.java_client.android.AndroidDriver.findElement(AndroidDriver.java:1)
at io.appium.java_client.pagefactory.bys.ContentMappedBy.findElement(ContentMappedBy.java:50)
at org.openqa.selenium.remote.RemoteWebDriver.findElement(RemoteWebDriver.java:315)
at io.appium.java_client.DefaultGenericMobileDriver.findElement(DefaultGenericMobileDriver.java:57)
at io.appium.java_client.AppiumDriver.findElement(AppiumDriver.java:1)
at io.appium.java_client.android.AndroidDriver.findElement(AndroidDriver.java:1)
at io.appium.java_client.pagefactory.AppiumElementLocator.lambda$0(AppiumElementLocator.java:120)
at io.appium.java_client.pagefactory.AppiumElementLocator$WaitingFunction.apply(AppiumElementLocator.java:172)
at io.appium.java_client.pagefactory.AppiumElementLocator$WaitingFunction.apply(AppiumElementLocator.java:1)
at org.openqa.selenium.support.ui.FluentWait.until(FluentWait.java:249)
... 40 more
]]>
            </full-stacktrace>
          </exception> <!-- org.openqa.selenium.TimeoutException -->
          <reporter-output>
          </reporter-output>
        </test-method> <!-- RegisterCattle_MilkingorDryCattle -->
        <test-method status="PASS" signature="quit()[pri:0, instance:com.nitara.CattleManagement.RegisterMilkingorDryCattle@1070868]" name="quit" is-config="true" duration-ms="545" started-at="2022-05-23T10:20:34 IST" finished-at="2022-05-23T10:20:34 IST">
          <reporter-output>
          </reporter-output>
        </test-method> <!-- quit -->
      </class> <!-- com.nitara.CattleManagement.RegisterMilkingorDryCattle -->
      <class name="com.nitara.WeightManagement.DeleteWeight">
        <test-method status="PASS" signature="initialize()[pri:0, instance:com.nitara.WeightManagement.DeleteWeight@1c6e487]" name="initialize" is-config="true" duration-ms="11489" started-at="2022-05-23T10:17:34 IST" finished-at="2022-05-23T10:17:45 IST">
          <reporter-output>
          </reporter-output>
        </test-method> <!-- initialize -->
        <test-method status="PASS" signature="Weight_ViewData(java.util.Map)[pri:0, instance:com.nitara.WeightManagement.DeleteWeight@1c6e487]" name="Weight_ViewData" duration-ms="49451" started-at="2022-05-23T10:17:45 IST" data-provider="getData" finished-at="2022-05-23T10:18:35 IST">
          <params>
            <param index="0">
              <value>
                <![CDATA[{girth=60, length=80, calculateBy=Girth, testcase=Weight_ViewData, dateOfWeight=12 Dec 2021}]]>
              </value>
            </param>
          </params>
          <reporter-output>
          </reporter-output>
        </test-method> <!-- Weight_ViewData -->
        <test-method status="PASS" signature="quit()[pri:0, instance:com.nitara.WeightManagement.DeleteWeight@1c6e487]" name="quit" is-config="true" duration-ms="555" started-at="2022-05-23T10:18:35 IST" finished-at="2022-05-23T10:18:35 IST">
          <reporter-output>
          </reporter-output>
        </test-method> <!-- quit -->
      </class> <!-- com.nitara.WeightManagement.DeleteWeight -->
      <class name="com.nitara.CattleManagement.EditCattleProfile">
        <test-method status="PASS" signature="initialize()[pri:0, instance:com.nitara.CattleManagement.EditCattleProfile@1d9bc04]" name="initialize" is-config="true" duration-ms="12428" started-at="2022-05-23T10:28:43 IST" finished-at="2022-05-23T10:28:56 IST">
          <reporter-output>
          </reporter-output>
        </test-method> <!-- initialize -->
        <test-method status="PASS" signature="CattleProfile_EditData()[pri:0, instance:com.nitara.CattleManagement.EditCattleProfile@1d9bc04]" name="CattleProfile_EditData" duration-ms="46863" started-at="2022-05-23T10:28:56 IST" finished-at="2022-05-23T10:29:43 IST">
          <reporter-output>
          </reporter-output>
        </test-method> <!-- CattleProfile_EditData -->
        <test-method status="PASS" signature="quit()[pri:0, instance:com.nitara.CattleManagement.EditCattleProfile@1d9bc04]" name="quit" is-config="true" duration-ms="591" started-at="2022-05-23T10:29:43 IST" finished-at="2022-05-23T10:29:43 IST">
          <reporter-output>
          </reporter-output>
        </test-method> <!-- quit -->
      </class> <!-- com.nitara.CattleManagement.EditCattleProfile -->
      <class name="com.nitara.BreedingManagement.ViewCalving">
        <test-method status="PASS" signature="initialize()[pri:0, instance:com.nitara.BreedingManagement.ViewCalving@c4711c]" name="initialize" is-config="true" duration-ms="11947" started-at="2022-05-23T10:21:50 IST" finished-at="2022-05-23T10:22:02 IST">
          <reporter-output>
          </reporter-output>
        </test-method> <!-- initialize -->
        <test-method status="FAIL" signature="Calving_ViewData(java.util.Map)[pri:0, instance:com.nitara.BreedingManagement.ViewCalving@c4711c]" name="Calving_ViewData" duration-ms="135062" started-at="2022-05-23T10:22:02 IST" data-provider="getData" finished-at="2022-05-23T10:24:17 IST">
          <params>
            <param index="0">
              <value>
                <![CDATA[{calfGender1=Female, calfGender2=Male, testcase=Calving_ViewData, calfResult=Twins}]]>
              </value>
            </param>
          </params>
          <exception class="org.openqa.selenium.NoSuchElementException">
            <message>
              <![CDATA[Can't locate an element by this strategy: By.chained({By.id: maleRdBtn_single})]]>
            </message>
            <full-stacktrace>
              <![CDATA[org.openqa.selenium.NoSuchElementException: Can't locate an element by this strategy: By.chained({By.id: maleRdBtn_single})
at io.appium.java_client.pagefactory.AppiumElementLocator.findElement(AppiumElementLocator.java:126)
at io.appium.java_client.pagefactory.interceptors.InterceptorOfASingleElement.intercept(InterceptorOfASingleElement.java:59)
at io.appium.java_client.android.AndroidElement$$EnhancerByCGLIB$$b598166c.getText(<generated>)
at com.nitara.PageObjects.Breeding_AddCalvingPage.select_CalfResultTwins(Breeding_AddCalvingPage.java:103)
at com.nitara.BreedingManagement.ViewCalving.Calving_ViewData(ViewCalving.java:42)
at sun.reflect.NativeMethodAccessorImpl.invoke0(Native Method)
at sun.reflect.NativeMethodAccessorImpl.invoke(NativeMethodAccessorImpl.java:62)
at sun.reflect.DelegatingMethodAccessorImpl.invoke(DelegatingMethodAccessorImpl.java:43)
at java.lang.reflect.Method.invoke(Method.java:498)
at org.testng.internal.MethodInvocationHelper.invokeMethod(MethodInvocationHelper.java:133)
at org.testng.internal.TestInvoker.invokeMethod(TestInvoker.java:598)
at org.testng.internal.TestInvoker.invokeTestMethod(TestInvoker.java:173)
at org.testng.internal.MethodRunner.runInSequence(MethodRunner.java:46)
at org.testng.internal.TestInvoker$MethodInvocationAgent.invoke(TestInvoker.java:824)
at org.testng.internal.TestInvoker.invokeTestMethods(TestInvoker.java:146)
at org.testng.internal.TestMethodWorker.invokeTestMethods(TestMethodWorker.java:146)
at org.testng.internal.TestMethodWorker.run(TestMethodWorker.java:128)
at java.util.ArrayList.forEach(ArrayList.java:1259)
at org.testng.TestRunner.privateRun(TestRunner.java:794)
at org.testng.TestRunner.run(TestRunner.java:596)
at org.testng.SuiteRunner.runTest(SuiteRunner.java:377)
at org.testng.SuiteRunner.runSequentially(SuiteRunner.java:371)
at org.testng.SuiteRunner.privateRun(SuiteRunner.java:332)
at org.testng.SuiteRunner.run(SuiteRunner.java:276)
at org.testng.SuiteRunnerWorker.runSuite(SuiteRunnerWorker.java:53)
at org.testng.SuiteRunnerWorker.run(SuiteRunnerWorker.java:96)
at org.testng.TestNG.runSuitesSequentially(TestNG.java:1212)
at org.testng.TestNG.runSuitesLocally(TestNG.java:1134)
at org.testng.TestNG.runSuites(TestNG.java:1063)
at org.testng.TestNG.run(TestNG.java:1031)
at org.testng.remote.AbstractRemoteTestNG.run(AbstractRemoteTestNG.java:115)
at org.testng.remote.RemoteTestNG.initAndRun(RemoteTestNG.java:251)
at org.testng.remote.RemoteTestNG.main(RemoteTestNG.java:77)
Caused by: org.openqa.selenium.TimeoutException: Expected condition failed: waiting for io.appium.java_client.pagefactory.AppiumElementLocator$WaitingFunction@140b729 (tried for 1 second(s) with 500 milliseconds interval)
at org.openqa.selenium.support.ui.FluentWait.timeoutException(FluentWait.java:304)
at org.openqa.selenium.support.ui.FluentWait.until(FluentWait.java:272)
at io.appium.java_client.pagefactory.AppiumElementLocator.waitFor(AppiumElementLocator.java:99)
at io.appium.java_client.pagefactory.AppiumElementLocator.findElement(AppiumElementLocator.java:119)
... 32 more
Caused by: org.openqa.selenium.NoSuchElementException: Cannot locate an element using By.chained({By.id: maleRdBtn_single})
For documentation on this error, please visit: https://www.seleniumhq.org/exceptions/no_such_element.html
Build info: version: '3.141.59', revision: 'e82be7d358', time: '2018-11-14T08:17:03'
System info: host: 'DESKTOP-OB1OE1J', ip: '192.168.72.17', os.name: 'Windows 10', os.arch: 'x86', os.version: '10.0', java.version: '1.8.0_291'
Driver info: driver.version: AndroidDriver
at io.appium.java_client.pagefactory.bys.builder.ByChained.findElement(ByChained.java:74)
at org.openqa.selenium.remote.RemoteWebDriver.findElement(RemoteWebDriver.java:315)
at io.appium.java_client.DefaultGenericMobileDriver.findElement(DefaultGenericMobileDriver.java:57)
at io.appium.java_client.AppiumDriver.findElement(AppiumDriver.java:1)
at io.appium.java_client.android.AndroidDriver.findElement(AndroidDriver.java:1)
at io.appium.java_client.pagefactory.bys.ContentMappedBy.findElement(ContentMappedBy.java:50)
at org.openqa.selenium.remote.RemoteWebDriver.findElement(RemoteWebDriver.java:315)
at io.appium.java_client.DefaultGenericMobileDriver.findElement(DefaultGenericMobileDriver.java:57)
at io.appium.java_client.AppiumDriver.findElement(AppiumDriver.java:1)
at io.appium.java_client.android.AndroidDriver.findElement(AndroidDriver.java:1)
at io.appium.java_client.pagefactory.AppiumElementLocator.lambda$0(AppiumElementLocator.java:120)
at io.appium.java_client.pagefactory.AppiumElementLocator$WaitingFunction.apply(AppiumElementLocator.java:172)
at io.appium.java_client.pagefactory.AppiumElementLocator$WaitingFunction.apply(AppiumElementLocator.java:1)
at org.openqa.selenium.support.ui.FluentWait.until(FluentWait.java:249)
... 34 more
]]>
            </full-stacktrace>
          </exception> <!-- org.openqa.selenium.NoSuchElementException -->
          <reporter-output>
          </reporter-output>
        </test-method> <!-- Calving_ViewData -->
        <test-method status="PASS" signature="quit()[pri:0, instance:com.nitara.BreedingManagement.ViewCalving@c4711c]" name="quit" is-config="true" duration-ms="534" started-at="2022-05-23T10:24:17 IST" finished-at="2022-05-23T10:24:17 IST">
          <reporter-output>
          </reporter-output>
        </test-method> <!-- quit -->
      </class> <!-- com.nitara.BreedingManagement.ViewCalving -->
      <class name="com.nitara.WeightManagement.EditWeight">
        <test-method status="PASS" signature="initialize()[pri:0, instance:com.nitara.WeightManagement.EditWeight@185cb26]" name="initialize" is-config="true" duration-ms="11975" started-at="2022-05-23T10:20:34 IST" finished-at="2022-05-23T10:20:46 IST">
          <reporter-output>
          </reporter-output>
        </test-method> <!-- initialize -->
        <test-method status="PASS" signature="Weight_EditData(java.util.Map)[pri:0, instance:com.nitara.WeightManagement.EditWeight@185cb26]" name="Weight_EditData" duration-ms="48966" started-at="2022-05-23T10:20:46 IST" data-provider="getData" finished-at="2022-05-23T10:21:35 IST">
          <params>
            <param index="0">
              <value>
                <![CDATA[{girth=60, length=80, calculateBy=Girth, testcase=Weight_EditData, dateOfWeight=12 Dec 2021}]]>
              </value>
            </param>
          </params>
          <reporter-output>
          </reporter-output>
        </test-method> <!-- Weight_EditData -->
        <test-method status="PASS" signature="quit()[pri:0, instance:com.nitara.WeightManagement.EditWeight@185cb26]" name="quit" is-config="true" duration-ms="521" started-at="2022-05-23T10:21:35 IST" finished-at="2022-05-23T10:21:36 IST">
          <reporter-output>
          </reporter-output>
        </test-method> <!-- quit -->
      </class> <!-- com.nitara.WeightManagement.EditWeight -->
      <class name="com.nitara.DiseasePredictor.ReportDisease">
        <test-method status="PASS" signature="initialize()[pri:0, instance:com.nitara.DiseasePredictor.ReportDisease@d7f7e0]" name="initialize" is-config="true" duration-ms="11764" started-at="2022-05-23T10:16:43 IST" finished-at="2022-05-23T10:16:54 IST">
          <reporter-output>
          </reporter-output>
        </test-method> <!-- initialize -->
        <test-method status="FAIL" signature="ReportDisease()[pri:0, instance:com.nitara.DiseasePredictor.ReportDisease@d7f7e0]" name="ReportDisease" duration-ms="38994" started-at="2022-05-23T10:16:54 IST" finished-at="2022-05-23T10:17:33 IST">
          <exception class="org.openqa.selenium.NoSuchElementException">
            <message>
              <![CDATA[Can't locate an element by this strategy: By.chained({By.id: search_farm_param})]]>
            </message>
            <full-stacktrace>
              <![CDATA[org.openqa.selenium.NoSuchElementException: Can't locate an element by this strategy: By.chained({By.id: search_farm_param})
at io.appium.java_client.pagefactory.AppiumElementLocator.findElement(AppiumElementLocator.java:126)
at io.appium.java_client.pagefactory.interceptors.InterceptorOfASingleElement.intercept(InterceptorOfASingleElement.java:59)
at io.appium.java_client.android.AndroidElement$$EnhancerByCGLIB$$b598166c.sendKeys(<generated>)
at com.nitara.PageObjects.BasePage.sendKeys(BasePage.java:98)
at com.nitara.PageObjects.SearchCattle_CattleListPage.searchCattle(SearchCattle_CattleListPage.java:22)
at appCommonClasses.Helper_AppNavigation.selectCattle(Helper_AppNavigation.java:123)
at com.nitara.DiseasePredictor.ReportDisease.ReportDisease(ReportDisease.java:30)
at sun.reflect.NativeMethodAccessorImpl.invoke0(Native Method)
at sun.reflect.NativeMethodAccessorImpl.invoke(NativeMethodAccessorImpl.java:62)
at sun.reflect.DelegatingMethodAccessorImpl.invoke(DelegatingMethodAccessorImpl.java:43)
at java.lang.reflect.Method.invoke(Method.java:498)
at org.testng.internal.MethodInvocationHelper.invokeMethod(MethodInvocationHelper.java:133)
at org.testng.internal.TestInvoker.invokeMethod(TestInvoker.java:598)
at org.testng.internal.TestInvoker.invokeTestMethod(TestInvoker.java:173)
at org.testng.internal.MethodRunner.runInSequence(MethodRunner.java:46)
at org.testng.internal.TestInvoker$MethodInvocationAgent.invoke(TestInvoker.java:824)
at org.testng.internal.TestInvoker.invokeTestMethods(TestInvoker.java:146)
at org.testng.internal.TestMethodWorker.invokeTestMethods(TestMethodWorker.java:146)
at org.testng.internal.TestMethodWorker.run(TestMethodWorker.java:128)
at java.util.ArrayList.forEach(ArrayList.java:1259)
at org.testng.TestRunner.privateRun(TestRunner.java:794)
at org.testng.TestRunner.run(TestRunner.java:596)
at org.testng.SuiteRunner.runTest(SuiteRunner.java:377)
at org.testng.SuiteRunner.runSequentially(SuiteRunner.java:371)
at org.testng.SuiteRunner.privateRun(SuiteRunner.java:332)
at org.testng.SuiteRunner.run(SuiteRunner.java:276)
at org.testng.SuiteRunnerWorker.runSuite(SuiteRunnerWorker.java:53)
at org.testng.SuiteRunnerWorker.run(SuiteRunnerWorker.java:96)
at org.testng.TestNG.runSuitesSequentially(TestNG.java:1212)
at org.testng.TestNG.runSuitesLocally(TestNG.java:1134)
at org.testng.TestNG.runSuites(TestNG.java:1063)
at org.testng.TestNG.run(TestNG.java:1031)
at org.testng.remote.AbstractRemoteTestNG.run(AbstractRemoteTestNG.java:115)
at org.testng.remote.RemoteTestNG.initAndRun(RemoteTestNG.java:251)
at org.testng.remote.RemoteTestNG.main(RemoteTestNG.java:77)
Caused by: org.openqa.selenium.TimeoutException: Expected condition failed: waiting for io.appium.java_client.pagefactory.AppiumElementLocator$WaitingFunction@1ec7020 (tried for 1 second(s) with 500 milliseconds interval)
at org.openqa.selenium.support.ui.FluentWait.timeoutException(FluentWait.java:304)
at org.openqa.selenium.support.ui.FluentWait.until(FluentWait.java:272)
at io.appium.java_client.pagefactory.AppiumElementLocator.waitFor(AppiumElementLocator.java:99)
at io.appium.java_client.pagefactory.AppiumElementLocator.findElement(AppiumElementLocator.java:119)
... 34 more
Caused by: org.openqa.selenium.NoSuchElementException: Cannot locate an element using By.chained({By.id: search_farm_param})
For documentation on this error, please visit: https://www.seleniumhq.org/exceptions/no_such_element.html
Build info: version: '3.141.59', revision: 'e82be7d358', time: '2018-11-14T08:17:03'
System info: host: 'DESKTOP-OB1OE1J', ip: '192.168.72.17', os.name: 'Windows 10', os.arch: 'x86', os.version: '10.0', java.version: '1.8.0_291'
Driver info: driver.version: AndroidDriver
at io.appium.java_client.pagefactory.bys.builder.ByChained.findElement(ByChained.java:74)
at org.openqa.selenium.remote.RemoteWebDriver.findElement(RemoteWebDriver.java:315)
at io.appium.java_client.DefaultGenericMobileDriver.findElement(DefaultGenericMobileDriver.java:57)
at io.appium.java_client.AppiumDriver.findElement(AppiumDriver.java:1)
at io.appium.java_client.android.AndroidDriver.findElement(AndroidDriver.java:1)
at io.appium.java_client.pagefactory.bys.ContentMappedBy.findElement(ContentMappedBy.java:50)
at org.openqa.selenium.remote.RemoteWebDriver.findElement(RemoteWebDriver.java:315)
at io.appium.java_client.DefaultGenericMobileDriver.findElement(DefaultGenericMobileDriver.java:57)
at io.appium.java_client.AppiumDriver.findElement(AppiumDriver.java:1)
at io.appium.java_client.android.AndroidDriver.findElement(AndroidDriver.java:1)
at io.appium.java_client.pagefactory.AppiumElementLocator.lambda$0(AppiumElementLocator.java:120)
at io.appium.java_client.pagefactory.AppiumElementLocator$WaitingFunction.apply(AppiumElementLocator.java:172)
at io.appium.java_client.pagefactory.AppiumElementLocator$WaitingFunction.apply(AppiumElementLocator.java:1)
at org.openqa.selenium.support.ui.FluentWait.until(FluentWait.java:249)
... 36 more
]]>
            </full-stacktrace>
          </exception> <!-- org.openqa.selenium.NoSuchElementException -->
          <reporter-output>
          </reporter-output>
        </test-method> <!-- ReportDisease -->
        <test-method status="PASS" signature="quit()[pri:0, instance:com.nitara.DiseasePredictor.ReportDisease@d7f7e0]" name="quit" is-config="true" duration-ms="513" started-at="2022-05-23T10:17:33 IST" finished-at="2022-05-23T10:17:34 IST">
          <reporter-output>
          </reporter-output>
        </test-method> <!-- quit -->
      </class> <!-- com.nitara.DiseasePredictor.ReportDisease -->
      <class name="com.nitara.BreedingManagement.DeleteHeat">
        <test-method status="PASS" signature="initialize()[pri:0, instance:com.nitara.BreedingManagement.DeleteHeat@1127a61]" name="initialize" is-config="true" duration-ms="16524" started-at="2022-05-23T10:15:32 IST" finished-at="2022-05-23T10:15:49 IST">
          <reporter-output>
          </reporter-output>
        </test-method> <!-- initialize -->
        <test-method status="FAIL" signature="Heat_DeleteData(java.util.Map)[pri:0, instance:com.nitara.BreedingManagement.DeleteHeat@1127a61]" name="Heat_DeleteData" duration-ms="53491" started-at="2022-05-23T10:15:49 IST" data-provider="getData" finished-at="2022-05-23T10:16:42 IST">
          <params>
            <param index="0">
              <value>
                <![CDATA[{heatStartTime=10:30:PM, heatType=Natural, heatDate=20 Sep 2021, testcase=Heat_DeleteData}]]>
              </value>
            </param>
          </params>
          <exception class="java.lang.AssertionError">
            <message>
              <![CDATA[expected [Heat data recorded on 20 Sep 2021 has been deleted] but found [Unknown error occurred. Try again.]]]>
            </message>
            <full-stacktrace>
              <![CDATA[java.lang.AssertionError: expected [Heat data recorded on 20 Sep 2021 has been deleted] but found [Unknown error occurred. Try again.]
at org.testng.Assert.fail(Assert.java:99)
at org.testng.Assert.failNotEquals(Assert.java:1037)
at org.testng.Assert.assertEqualsImpl(Assert.java:140)
at org.testng.Assert.assertEquals(Assert.java:122)
at org.testng.Assert.assertEquals(Assert.java:629)
at org.testng.Assert.assertEquals(Assert.java:639)
at com.nitara.PageObjects.Breeding_TimelinePage.assertDeleteMsg(Breeding_TimelinePage.java:121)
at com.nitara.BreedingManagement.DeleteHeat.Heat_DeleteData(DeleteHeat.java:43)
at sun.reflect.NativeMethodAccessorImpl.invoke0(Native Method)
at sun.reflect.NativeMethodAccessorImpl.invoke(NativeMethodAccessorImpl.java:62)
at sun.reflect.DelegatingMethodAccessorImpl.invoke(DelegatingMethodAccessorImpl.java:43)
at java.lang.reflect.Method.invoke(Method.java:498)
at org.testng.internal.MethodInvocationHelper.invokeMethod(MethodInvocationHelper.java:133)
at org.testng.internal.TestInvoker.invokeMethod(TestInvoker.java:598)
at org.testng.internal.TestInvoker.invokeTestMethod(TestInvoker.java:173)
at org.testng.internal.MethodRunner.runInSequence(MethodRunner.java:46)
at org.testng.internal.TestInvoker$MethodInvocationAgent.invoke(TestInvoker.java:824)
at org.testng.internal.TestInvoker.invokeTestMethods(TestInvoker.java:146)
at org.testng.internal.TestMethodWorker.invokeTestMethods(TestMethodWorker.java:146)
at org.testng.internal.TestMethodWorker.run(TestMethodWorker.java:128)
at java.util.ArrayList.forEach(ArrayList.java:1259)
at org.testng.TestRunner.privateRun(TestRunner.java:794)
at org.testng.TestRunner.run(TestRunner.java:596)
at org.testng.SuiteRunner.runTest(SuiteRunner.java:377)
at org.testng.SuiteRunner.runSequentially(SuiteRunner.java:371)
at org.testng.SuiteRunner.privateRun(SuiteRunner.java:332)
at org.testng.SuiteRunner.run(SuiteRunner.java:276)
at org.testng.SuiteRunnerWorker.runSuite(SuiteRunnerWorker.java:53)
at org.testng.SuiteRunnerWorker.run(SuiteRunnerWorker.java:96)
at org.testng.TestNG.runSuitesSequentially(TestNG.java:1212)
at org.testng.TestNG.runSuitesLocally(TestNG.java:1134)
at org.testng.TestNG.runSuites(TestNG.java:1063)
at org.testng.TestNG.run(TestNG.java:1031)
at org.testng.remote.AbstractRemoteTestNG.run(AbstractRemoteTestNG.java:115)
at org.testng.remote.RemoteTestNG.initAndRun(RemoteTestNG.java:251)
at org.testng.remote.RemoteTestNG.main(RemoteTestNG.java:77)
]]>
            </full-stacktrace>
          </exception> <!-- java.lang.AssertionError -->
          <reporter-output>
          </reporter-output>
        </test-method> <!-- Heat_DeleteData -->
        <test-method status="PASS" signature="quit()[pri:0, instance:com.nitara.BreedingManagement.DeleteHeat@1127a61]" name="quit" is-config="true" duration-ms="565" started-at="2022-05-23T10:16:42 IST" finished-at="2022-05-23T10:16:43 IST">
          <reporter-output>
          </reporter-output>
        </test-method> <!-- quit -->
      </class> <!-- com.nitara.BreedingManagement.DeleteHeat -->
      <class name="com.nitara.MilkingMangement.RecordFarmMilkingData">
        <test-method status="PASS" signature="initialize()[pri:0, instance:com.nitara.MilkingMangement.RecordFarmMilkingData@6044d7]" name="initialize" is-config="true" duration-ms="11935" started-at="2022-05-23T10:24:17 IST" finished-at="2022-05-23T10:24:29 IST">
          <reporter-output>
          </reporter-output>
        </test-method> <!-- initialize -->
        <test-method status="FAIL" signature="Milking_RecordCattleMilking()[pri:0, instance:com.nitara.MilkingMangement.RecordFarmMilkingData@6044d7]" name="Milking_RecordCattleMilking" duration-ms="139403" started-at="2022-05-23T10:24:29 IST" finished-at="2022-05-23T10:26:49 IST">
          <exception class="org.openqa.selenium.NoSuchElementException">
            <message>
              <![CDATA[Can't locate an element by this strategy: By.chained({By.id: dateValue})]]>
            </message>
            <full-stacktrace>
              <![CDATA[org.openqa.selenium.NoSuchElementException: Can't locate an element by this strategy: By.chained({By.id: dateValue})
at io.appium.java_client.pagefactory.AppiumElementLocator.findElement(AppiumElementLocator.java:126)
at io.appium.java_client.pagefactory.interceptors.InterceptorOfASingleElement.intercept(InterceptorOfASingleElement.java:59)
at io.appium.java_client.android.AndroidElement$$EnhancerByCGLIB$$b598166c.clear(<generated>)
at com.nitara.PageObjects.Milking_RecordFarmMilkingPage.enter_FarmMilkingDate(Milking_RecordFarmMilkingPage.java:62)
at com.nitara.MilkingMangement.RecordFarmMilkingData.Milking_RecordCattleMilking(RecordFarmMilkingData.java:20)
at sun.reflect.NativeMethodAccessorImpl.invoke0(Native Method)
at sun.reflect.NativeMethodAccessorImpl.invoke(NativeMethodAccessorImpl.java:62)
at sun.reflect.DelegatingMethodAccessorImpl.invoke(DelegatingMethodAccessorImpl.java:43)
at java.lang.reflect.Method.invoke(Method.java:498)
at org.testng.internal.MethodInvocationHelper.invokeMethod(MethodInvocationHelper.java:133)
at org.testng.internal.TestInvoker.invokeMethod(TestInvoker.java:598)
at org.testng.internal.TestInvoker.invokeTestMethod(TestInvoker.java:173)
at org.testng.internal.MethodRunner.runInSequence(MethodRunner.java:46)
at org.testng.internal.TestInvoker$MethodInvocationAgent.invoke(TestInvoker.java:824)
at org.testng.internal.TestInvoker.invokeTestMethods(TestInvoker.java:146)
at org.testng.internal.TestMethodWorker.invokeTestMethods(TestMethodWorker.java:146)
at org.testng.internal.TestMethodWorker.run(TestMethodWorker.java:128)
at java.util.ArrayList.forEach(ArrayList.java:1259)
at org.testng.TestRunner.privateRun(TestRunner.java:794)
at org.testng.TestRunner.run(TestRunner.java:596)
at org.testng.SuiteRunner.runTest(SuiteRunner.java:377)
at org.testng.SuiteRunner.runSequentially(SuiteRunner.java:371)
at org.testng.SuiteRunner.privateRun(SuiteRunner.java:332)
at org.testng.SuiteRunner.run(SuiteRunner.java:276)
at org.testng.SuiteRunnerWorker.runSuite(SuiteRunnerWorker.java:53)
at org.testng.SuiteRunnerWorker.run(SuiteRunnerWorker.java:96)
at org.testng.TestNG.runSuitesSequentially(TestNG.java:1212)
at org.testng.TestNG.runSuitesLocally(TestNG.java:1134)
at org.testng.TestNG.runSuites(TestNG.java:1063)
at org.testng.TestNG.run(TestNG.java:1031)
at org.testng.remote.AbstractRemoteTestNG.run(AbstractRemoteTestNG.java:115)
at org.testng.remote.RemoteTestNG.initAndRun(RemoteTestNG.java:251)
at org.testng.remote.RemoteTestNG.main(RemoteTestNG.java:77)
Caused by: org.openqa.selenium.TimeoutException: Expected condition failed: waiting for io.appium.java_client.pagefactory.AppiumElementLocator$WaitingFunction@12610ad (tried for 1 second(s) with 500 milliseconds interval)
at org.openqa.selenium.support.ui.FluentWait.timeoutException(FluentWait.java:304)
at org.openqa.selenium.support.ui.FluentWait.until(FluentWait.java:272)
at io.appium.java_client.pagefactory.AppiumElementLocator.waitFor(AppiumElementLocator.java:99)
at io.appium.java_client.pagefactory.AppiumElementLocator.findElement(AppiumElementLocator.java:119)
... 32 more
Caused by: org.openqa.selenium.NoSuchElementException: Cannot locate an element using By.chained({By.id: dateValue})
For documentation on this error, please visit: https://www.seleniumhq.org/exceptions/no_such_element.html
Build info: version: '3.141.59', revision: 'e82be7d358', time: '2018-11-14T08:17:03'
System info: host: 'DESKTOP-OB1OE1J', ip: '192.168.72.17', os.name: 'Windows 10', os.arch: 'x86', os.version: '10.0', java.version: '1.8.0_291'
Driver info: driver.version: AndroidDriver
at io.appium.java_client.pagefactory.bys.builder.ByChained.findElement(ByChained.java:74)
at org.openqa.selenium.remote.RemoteWebDriver.findElement(RemoteWebDriver.java:315)
at io.appium.java_client.DefaultGenericMobileDriver.findElement(DefaultGenericMobileDriver.java:57)
at io.appium.java_client.AppiumDriver.findElement(AppiumDriver.java:1)
at io.appium.java_client.android.AndroidDriver.findElement(AndroidDriver.java:1)
at io.appium.java_client.pagefactory.bys.ContentMappedBy.findElement(ContentMappedBy.java:50)
at org.openqa.selenium.remote.RemoteWebDriver.findElement(RemoteWebDriver.java:315)
at io.appium.java_client.DefaultGenericMobileDriver.findElement(DefaultGenericMobileDriver.java:57)
at io.appium.java_client.AppiumDriver.findElement(AppiumDriver.java:1)
at io.appium.java_client.android.AndroidDriver.findElement(AndroidDriver.java:1)
at io.appium.java_client.pagefactory.AppiumElementLocator.lambda$0(AppiumElementLocator.java:120)
at io.appium.java_client.pagefactory.AppiumElementLocator$WaitingFunction.apply(AppiumElementLocator.java:172)
at io.appium.java_client.pagefactory.AppiumElementLocator$WaitingFunction.apply(AppiumElementLocator.java:1)
at org.openqa.selenium.support.ui.FluentWait.until(FluentWait.java:249)
... 34 more
]]>
            </full-stacktrace>
          </exception> <!-- org.openqa.selenium.NoSuchElementException -->
          <reporter-output>
          </reporter-output>
        </test-method> <!-- Milking_RecordCattleMilking -->
        <test-method status="PASS" signature="quit()[pri:0, instance:com.nitara.MilkingMangement.RecordFarmMilkingData@6044d7]" name="quit" is-config="true" duration-ms="561" started-at="2022-05-23T10:26:49 IST" finished-at="2022-05-23T10:26:49 IST">
          <reporter-output>
          </reporter-output>
        </test-method> <!-- quit -->
      </class> <!-- com.nitara.MilkingMangement.RecordFarmMilkingData -->
      <class name="com.nitara.BreedingManagement.DeletePD">
        <test-method status="PASS" signature="initialize()[pri:0, instance:com.nitara.BreedingManagement.DeletePD@364841]" name="initialize" is-config="true" duration-ms="11920" started-at="2022-05-23T10:21:36 IST" finished-at="2022-05-23T10:21:48 IST">
          <reporter-output>
          </reporter-output>
        </test-method> <!-- initialize -->
        <test-method status="FAIL" signature="PD_ViewData(java.util.Map)[pri:0, instance:com.nitara.BreedingManagement.DeletePD@364841]" name="PD_ViewData" duration-ms="1954" started-at="2022-05-23T10:21:48 IST" data-provider="getData" finished-at="2022-05-23T10:21:50 IST">
          <params>
            <param index="0">
              <value>
                <![CDATA[{isCattlePregnant=true, testcase=PD_ViewData}]]>
              </value>
            </param>
          </params>
          <exception class="java.lang.AssertionError">
            <message>
              <![CDATA[expected [200] but found [500]]]>
            </message>
            <full-stacktrace>
              <![CDATA[java.lang.AssertionError: expected [200] but found [500]
at org.testng.Assert.fail(Assert.java:99)
at org.testng.Assert.failNotEquals(Assert.java:1037)
at org.testng.Assert.assertEqualsImpl(Assert.java:140)
at org.testng.Assert.assertEquals(Assert.java:122)
at org.testng.Assert.assertEquals(Assert.java:907)
at org.testng.Assert.assertEquals(Assert.java:917)
at com.nitara.APIFunctions.RegisterMilkingCattle.registerMilkingOrDryCattle(RegisterMilkingCattle.java:71)
at com.nitara.BreedingManagement.DeletePD.PD_ViewData(DeletePD.java:20)
at sun.reflect.NativeMethodAccessorImpl.invoke0(Native Method)
at sun.reflect.NativeMethodAccessorImpl.invoke(NativeMethodAccessorImpl.java:62)
at sun.reflect.DelegatingMethodAccessorImpl.invoke(DelegatingMethodAccessorImpl.java:43)
at java.lang.reflect.Method.invoke(Method.java:498)
at org.testng.internal.MethodInvocationHelper.invokeMethod(MethodInvocationHelper.java:133)
at org.testng.internal.TestInvoker.invokeMethod(TestInvoker.java:598)
at org.testng.internal.TestInvoker.invokeTestMethod(TestInvoker.java:173)
at org.testng.internal.MethodRunner.runInSequence(MethodRunner.java:46)
at org.testng.internal.TestInvoker$MethodInvocationAgent.invoke(TestInvoker.java:824)
at org.testng.internal.TestInvoker.invokeTestMethods(TestInvoker.java:146)
at org.testng.internal.TestMethodWorker.invokeTestMethods(TestMethodWorker.java:146)
at org.testng.internal.TestMethodWorker.run(TestMethodWorker.java:128)
at java.util.ArrayList.forEach(ArrayList.java:1259)
at org.testng.TestRunner.privateRun(TestRunner.java:794)
at org.testng.TestRunner.run(TestRunner.java:596)
at org.testng.SuiteRunner.runTest(SuiteRunner.java:377)
at org.testng.SuiteRunner.runSequentially(SuiteRunner.java:371)
at org.testng.SuiteRunner.privateRun(SuiteRunner.java:332)
at org.testng.SuiteRunner.run(SuiteRunner.java:276)
at org.testng.SuiteRunnerWorker.runSuite(SuiteRunnerWorker.java:53)
at org.testng.SuiteRunnerWorker.run(SuiteRunnerWorker.java:96)
at org.testng.TestNG.runSuitesSequentially(TestNG.java:1212)
at org.testng.TestNG.runSuitesLocally(TestNG.java:1134)
at org.testng.TestNG.runSuites(TestNG.java:1063)
at org.testng.TestNG.run(TestNG.java:1031)
at org.testng.remote.AbstractRemoteTestNG.run(AbstractRemoteTestNG.java:115)
at org.testng.remote.RemoteTestNG.initAndRun(RemoteTestNG.java:251)
at org.testng.remote.RemoteTestNG.main(RemoteTestNG.java:77)
]]>
            </full-stacktrace>
          </exception> <!-- java.lang.AssertionError -->
          <reporter-output>
          </reporter-output>
        </test-method> <!-- PD_ViewData -->
        <test-method status="PASS" signature="quit()[pri:0, instance:com.nitara.BreedingManagement.DeletePD@364841]" name="quit" is-config="true" duration-ms="367" started-at="2022-05-23T10:21:50 IST" finished-at="2022-05-23T10:21:50 IST">
          <reporter-output>
          </reporter-output>
        </test-method> <!-- quit -->
      </class> <!-- com.nitara.BreedingManagement.DeletePD -->
      <class name="com.nitara.HealthManagement.ViewTreatment">
        <test-method status="PASS" signature="initialize()[pri:0, instance:com.nitara.HealthManagement.ViewTreatment@9e725a]" name="initialize" is-config="true" duration-ms="11689" started-at="2022-05-23T10:26:49 IST" finished-at="2022-05-23T10:27:01 IST">
          <reporter-output>
          </reporter-output>
        </test-method> <!-- initialize -->
        <test-method status="FAIL" signature="Treatment_ViewData(java.util.Map)[pri:0, instance:com.nitara.HealthManagement.ViewTreatment@9e725a]" name="Treatment_ViewData" duration-ms="101587" started-at="2022-05-23T10:27:01 IST" data-provider="getData" finished-at="2022-05-23T10:28:43 IST">
          <params>
            <param index="0">
              <value>
                <![CDATA[{dosage=11, isAntibioticGiven=true, amount=50, disease=FMD, isFollowUpRequired=true, symptomsCount=3, medicine=med2, dateOfVisit=2 Nov 2021, testcase=Treatment_ViewData, followUpAfter=10, symptoms[1]=Coughing, symptoms[0]=Watery Eyes}]]>
              </value>
            </param>
          </params>
          <exception class="org.openqa.selenium.InvalidElementStateException">
            <message>
              <![CDATA[Cannot set the element to '10'. Did you interact with the correct element?
Build info: version: '3.141.59', revision: 'e82be7d358', time: '2018-11-14T08:17:03'
System info: host: 'DESKTOP-OB1OE1J', ip: '192.168.72.17', os.name: 'Windows 10', os.arch: 'x86', os.version: '10.0', java.version: '1.8.0_291'
Driver info: io.appium.java_client.android.AndroidDriver
Capabilities {app: D:\Nitara Automation Farmer..., appPackage: com.nitara.farmer.qa, automationName: uiautomator2, databaseEnabled: false, desired: {app: D:\Nitara Automation Farmer..., automationName: uiautomator2, deviceName: Oneplus, noReset: true, platformName: android, udid: de319e1e2346}, deviceApiLevel: 30, deviceManufacturer: Xiaomi, deviceModel: Mi A3, deviceName: de319e1e2346, deviceScreenDensity: 320, deviceScreenSize: 720x1560, deviceUDID: de319e1e2346, javascriptEnabled: true, locationContextEnabled: false, networkConnectionEnabled: true, noReset: true, pixelRatio: 2, platform: LINUX, platformName: Android, platformVersion: 11, statBarHeight: 70, takesScreenshot: true, udid: de319e1e2346, viewportRect: {height: 1341, left: 0, top: 70, width: 720}, warnings: {}, webStorageEnabled: false}
Session ID: e0e6a06c-56d0-47fa-bd7f-259a95e1bc86]]>
            </message>
            <full-stacktrace>
              <![CDATA[org.openqa.selenium.InvalidElementStateException: Cannot set the element to '10'. Did you interact with the correct element?
Build info: version: '3.141.59', revision: 'e82be7d358', time: '2018-11-14T08:17:03'
System info: host: 'DESKTOP-OB1OE1J', ip: '192.168.72.17', os.name: 'Windows 10', os.arch: 'x86', os.version: '10.0', java.version: '1.8.0_291'
Driver info: io.appium.java_client.android.AndroidDriver
Capabilities {app: D:\Nitara Automation Farmer..., appPackage: com.nitara.farmer.qa, automationName: uiautomator2, databaseEnabled: false, desired: {app: D:\Nitara Automation Farmer..., automationName: uiautomator2, deviceName: Oneplus, noReset: true, platformName: android, udid: de319e1e2346}, deviceApiLevel: 30, deviceManufacturer: Xiaomi, deviceModel: Mi A3, deviceName: de319e1e2346, deviceScreenDensity: 320, deviceScreenSize: 720x1560, deviceUDID: de319e1e2346, javascriptEnabled: true, locationContextEnabled: false, networkConnectionEnabled: true, noReset: true, pixelRatio: 2, platform: LINUX, platformName: Android, platformVersion: 11, statBarHeight: 70, takesScreenshot: true, udid: de319e1e2346, viewportRect: {height: 1341, left: 0, top: 70, width: 720}, warnings: {}, webStorageEnabled: false}
Session ID: e0e6a06c-56d0-47fa-bd7f-259a95e1bc86
at sun.reflect.NativeConstructorAccessorImpl.newInstance0(Native Method)
at sun.reflect.NativeConstructorAccessorImpl.newInstance(NativeConstructorAccessorImpl.java:62)
at sun.reflect.DelegatingConstructorAccessorImpl.newInstance(DelegatingConstructorAccessorImpl.java:45)
at java.lang.reflect.Constructor.newInstance(Constructor.java:423)
at org.openqa.selenium.remote.http.W3CHttpResponseCodec.createException(W3CHttpResponseCodec.java:187)
at org.openqa.selenium.remote.http.W3CHttpResponseCodec.decode(W3CHttpResponseCodec.java:122)
at org.openqa.selenium.remote.http.W3CHttpResponseCodec.decode(W3CHttpResponseCodec.java:49)
at org.openqa.selenium.remote.HttpCommandExecutor.execute(HttpCommandExecutor.java:158)
at io.appium.java_client.remote.AppiumCommandExecutor.execute(AppiumCommandExecutor.java:247)
at org.openqa.selenium.remote.RemoteWebDriver.execute(RemoteWebDriver.java:552)
at io.appium.java_client.DefaultGenericMobileDriver.execute(DefaultGenericMobileDriver.java:41)
at io.appium.java_client.AppiumDriver.execute(AppiumDriver.java:1)
at io.appium.java_client.android.AndroidDriver.execute(AndroidDriver.java:1)
at org.openqa.selenium.remote.RemoteWebElement.execute(RemoteWebElement.java:285)
at io.appium.java_client.DefaultGenericMobileElement.execute(DefaultGenericMobileElement.java:45)
at io.appium.java_client.MobileElement.execute(MobileElement.java:1)
at io.appium.java_client.android.AndroidElement.execute(AndroidElement.java:1)
at org.openqa.selenium.remote.RemoteWebElement.sendKeys(RemoteWebElement.java:106)
at sun.reflect.GeneratedMethodAccessor149.invoke(Unknown Source)
at sun.reflect.DelegatingMethodAccessorImpl.invoke(DelegatingMethodAccessorImpl.java:43)
at java.lang.reflect.Method.invoke(Method.java:498)
at io.appium.java_client.pagefactory.ElementInterceptor.getObject(ElementInterceptor.java:40)
at io.appium.java_client.pagefactory.interceptors.InterceptorOfASingleElement.intercept(InterceptorOfASingleElement.java:60)
at io.appium.java_client.android.AndroidElement$$EnhancerByCGLIB$$b598166c.sendKeys(<generated>)
at com.nitara.PageObjects.BasePage.sendKeys(BasePage.java:98)
at com.nitara.PageObjects.Health_AddTreatmentPage.enter_followUpAfter(Health_AddTreatmentPage.java:119)
at com.nitara.PageObjects.Health_AddTreatmentPage.addTreatment(Health_AddTreatmentPage.java:163)
at com.nitara.HealthManagement.ViewTreatment.Treatment_ViewData(ViewTreatment.java:41)
at sun.reflect.NativeMethodAccessorImpl.invoke0(Native Method)
at sun.reflect.NativeMethodAccessorImpl.invoke(NativeMethodAccessorImpl.java:62)
at sun.reflect.DelegatingMethodAccessorImpl.invoke(DelegatingMethodAccessorImpl.java:43)
at java.lang.reflect.Method.invoke(Method.java:498)
at org.testng.internal.MethodInvocationHelper.invokeMethod(MethodInvocationHelper.java:133)
at org.testng.internal.TestInvoker.invokeMethod(TestInvoker.java:598)
at org.testng.internal.TestInvoker.invokeTestMethod(TestInvoker.java:173)
at org.testng.internal.MethodRunner.runInSequence(MethodRunner.java:46)
at org.testng.internal.TestInvoker$MethodInvocationAgent.invoke(TestInvoker.java:824)
at org.testng.internal.TestInvoker.invokeTestMethods(TestInvoker.java:146)
at org.testng.internal.TestMethodWorker.invokeTestMethods(TestMethodWorker.java:146)
at org.testng.internal.TestMethodWorker.run(TestMethodWorker.java:128)
at java.util.ArrayList.forEach(ArrayList.java:1259)
at org.testng.TestRunner.privateRun(TestRunner.java:794)
at org.testng.TestRunner.run(TestRunner.java:596)
at org.testng.SuiteRunner.runTest(SuiteRunner.java:377)
at org.testng.SuiteRunner.runSequentially(SuiteRunner.java:371)
at org.testng.SuiteRunner.privateRun(SuiteRunner.java:332)
at org.testng.SuiteRunner.run(SuiteRunner.java:276)
at org.testng.SuiteRunnerWorker.runSuite(SuiteRunnerWorker.java:53)
at org.testng.SuiteRunnerWorker.run(SuiteRunnerWorker.java:96)
at org.testng.TestNG.runSuitesSequentially(TestNG.java:1212)
at org.testng.TestNG.runSuitesLocally(TestNG.java:1134)
at org.testng.TestNG.runSuites(TestNG.java:1063)
at org.testng.TestNG.run(TestNG.java:1031)
at org.testng.remote.AbstractRemoteTestNG.run(AbstractRemoteTestNG.java:115)
at org.testng.remote.RemoteTestNG.initAndRun(RemoteTestNG.java:251)
at org.testng.remote.RemoteTestNG.main(RemoteTestNG.java:77)
]]>
            </full-stacktrace>
          </exception> <!-- org.openqa.selenium.InvalidElementStateException -->
          <reporter-output>
          </reporter-output>
        </test-method> <!-- Treatment_ViewData -->
        <test-method status="PASS" signature="quit()[pri:0, instance:com.nitara.HealthManagement.ViewTreatment@9e725a]" name="quit" is-config="true" duration-ms="580" started-at="2022-05-23T10:28:43 IST" finished-at="2022-05-23T10:28:43 IST">
          <reporter-output>
          </reporter-output>
        </test-method> <!-- quit -->
      </class> <!-- com.nitara.HealthManagement.ViewTreatment -->
    </test> <!-- Smoke(failed) -->
  </suite> <!-- Failed suite [Smoke TestSuite] -->
</testng-results>
